This is pdfTeX, Version 3.14159265-2.6-1.40.20 (MiKTeX 2.9.7000) (preloaded format=pdflatex 2019.4.16)  23 APR 2019 19:48
entering extended mode
**./drawing_trees.tex
(drawing_trees.tex
LaTeX2e <2018-12-01>
("C:\Daily Tools\MiKTeX\tex/latex/base\article.cls"
Document Class: article 2018/09/03 v1.4i Standard LaTeX document class
("C:\Daily Tools\MiKTeX\tex/latex/base\size10.clo"
File: size10.clo 2018/09/03 v1.4i Standard LaTeX file (size option)
)
\c@part=\count80
\c@section=\count81
\c@subsection=\count82
\c@subsubsection=\count83
\c@paragraph=\count84
\c@subparagraph=\count85
\c@figure=\count86
\c@table=\count87
\abovecaptionskip=\skip41
\belowcaptionskip=\skip42
\bibindent=\dimen102
) (mypackages.sty
Package: mypackages 

(C:\Users\Tai\AppData\Roaming\MiKTeX\2.9\tex/latex/titling\titling.sty
Package: titling 2009/09/04 v2.1d maketitle typesetting
\thanksmarkwidth=\skip43
\thanksmargin=\skip44
\droptitle=\skip45
)
(C:\Users\Tai\AppData\Roaming\MiKTeX\2.9\tex/latex/xcolor\xcolor.sty
Package: xcolor 2016/05/11 v2.12 LaTeX color extensions (UK)

(C:\Users\Tai\AppData\Roaming\MiKTeX\2.9\tex/latex/graphics-cfg\color.cfg
File: color.cfg 2016/01/02 v1.6 sample color configuration
)
Package xcolor Info: Driver file: pdftex.def on input line 225.

("C:\Daily Tools\MiKTeX\tex/latex/graphics-def\pdftex.def"
File: pdftex.def 2018/01/08 v1.0l Graphics/color driver for pdftex
)
Package xcolor Info: Model `cmy' substituted by `cmy0' on input line 1348.
Package xcolor Info: Model `hsb' substituted by `rgb' on input line 1352.
Package xcolor Info: Model `RGB' extended on input line 1364.
Package xcolor Info: Model `HTML' substituted by `rgb' on input line 1366.
Package xcolor Info: Model `Hsb' substituted by `hsb' on input line 1367.
Package xcolor Info: Model `tHsb' substituted by `hsb' on input line 1368.
Package xcolor Info: Model `HSB' substituted by `hsb' on input line 1369.
Package xcolor Info: Model `Gray' substituted by `gray' on input line 1370.
Package xcolor Info: Model `wave' substituted by `hsb' on input line 1371.

(C:\Users\Tai\AppData\Roaming\MiKTeX\2.9\tex/latex/xcolor\svgnam.def
File: svgnam.def 2016/05/11 v2.12 Predefined colors according to SVG 1.1 (UK)
))
("C:\Daily Tools\MiKTeX\tex/latex/tools\tabularx.sty"
Package: tabularx 2016/02/03 v2.11b `tabularx' package (DPC)

("C:\Daily Tools\MiKTeX\tex/latex/tools\array.sty"
Package: array 2018/12/30 v2.4k Tabular extension package (FMi)
\col@sep=\dimen103
\ar@mcellbox=\box27
\extrarowheight=\dimen104
\NC@list=\toks14
\extratabsurround=\skip46
\backup@length=\skip47
\ar@cellbox=\box28
)
\TX@col@width=\dimen105
\TX@old@table=\dimen106
\TX@old@col=\dimen107
\TX@target=\dimen108
\TX@delta=\dimen109
\TX@cols=\count88
\TX@ftn=\toks15
)
(C:\Users\Tai\AppData\Roaming\MiKTeX\2.9\tex/latex/enumitem\enumitem.sty
Package: enumitem 2019/02/04 v3.8 Customized lists
\enitkv@toks@=\toks16
\labelindent=\skip48
\enit@outerparindent=\dimen110
\enit@toks=\toks17
\enit@inbox=\box29
\enit@count@id=\count89
\enitdp@description=\count90
)
(C:\Users\Tai\AppData\Roaming\MiKTeX\2.9\tex/latex/natbib\natbib.sty
Package: natbib 2010/09/13 8.31b (PWD, AO)
\bibhang=\skip49
\bibsep=\skip50
LaTeX Info: Redefining \cite on input line 694.
\c@NAT@ctr=\count91
)
("C:\Daily Tools\MiKTeX\tex/latex/base\inputenc.sty"
Package: inputenc 2018/08/11 v1.3c Input encoding file
\inpenc@prehook=\toks18
\inpenc@posthook=\toks19
)
("C:\Daily Tools\MiKTeX\tex/latex/base\fontenc.sty"
Package: fontenc 2018/08/11 v2.0j Standard LaTeX package

("C:\Daily Tools\MiKTeX\tex/latex/base\t1enc.def"
File: t1enc.def 2018/08/11 v2.0j Standard LaTeX file
LaTeX Font Info:    Redeclaring font encoding T1 on input line 48.
))
(C:\Users\Tai\AppData\Roaming\MiKTeX\2.9\tex/latex/skull\skull.sty
Package: skull 2002/01/23 v0.1 (c) Henrik Christian Grove <grove@math.ku.dk>
\symSKULL=\mathgroup4
)
(C:\Users\Tai\AppData\Roaming\MiKTeX\2.9\tex/latex/fontawesome\fontawesome.sty
Package: fontawesome 2016/05/15 v4.6.3.1 font awesome icons

("C:\Daily Tools\MiKTeX\tex/generic/ifxetex\ifxetex.sty"
Package: ifxetex 2010/09/12 v0.6 Provides ifxetex conditional
)
("C:\Daily Tools\MiKTeX\tex/generic/oberdiek\ifluatex.sty"
Package: ifluatex 2016/05/16 v1.4 Provides the ifluatex switch (HO)
Package ifluatex Info: LuaTeX not detected.
)
(C:\Users\Tai\AppData\Roaming\MiKTeX\2.9\tex/latex/fontawesome\fontawesomesymbo
ls-generic.tex)
(C:\Users\Tai\AppData\Roaming\MiKTeX\2.9\tex/latex/fontawesome\fontawesomesymbo
ls-pdftex.tex)) ("C:\Daily Tools\MiKTeX\tex/latex/psnfss\charter.sty"
Package: charter 2005/04/12 PSNFSS-v9.2a (P.Dyballa) 
)
(C:\Users\Tai\AppData\Roaming\MiKTeX\2.9\tex/latex/ulem\ulem.sty
\UL@box=\box30
\UL@hyphenbox=\box31
\UL@skip=\skip51
\UL@hook=\toks20
\UL@height=\dimen111
\UL@pe=\count92
\UL@pixel=\dimen112
\ULC@box=\box32
Package: ulem 2012/05/18
\ULdepth=\dimen113
)
("C:\Daily Tools\MiKTeX\tex/latex/gb4e\gb4e.sty"
("C:\Daily Tools\MiKTeX\tex/latex/gb4e\cgloss4e.sty"
\lineone=\box33
\linetwo=\box34
\linethree=\box35
\wordone=\box36
\wordtwo=\box37
\wordthree=\box38
\gline=\box39
\glossglue=\skip52
)
\c@fnx=\count93
\@xnumdepth=\count94
\c@xnumi=\count95
\c@xnumii=\count96
\c@xnumiii=\count97
\c@xnumiv=\count98
\c@exx=\count99
\c@rxnumi=\count100
\c@rxnumii=\count101
\c@rxnumiii=\count102
\c@rxnumiv=\count103
\lcommentsep=\skip53
)
(C:\Users\Tai\AppData\Roaming\MiKTeX\2.9\tex/latex/pgf/frontendlayer\tikz.sty
(C:\Users\Tai\AppData\Roaming\MiKTeX\2.9\tex/latex/pgf/basiclayer\pgf.sty
(C:\Users\Tai\AppData\Roaming\MiKTeX\2.9\tex/latex/pgf/utilities\pgfrcs.sty
(C:\Users\Tai\AppData\Roaming\MiKTeX\2.9\tex/generic/pgf/utilities\pgfutil-comm
on.tex
\pgfutil@everybye=\toks21
\pgfutil@tempdima=\dimen114
\pgfutil@tempdimb=\dimen115

(C:\Users\Tai\AppData\Roaming\MiKTeX\2.9\tex/generic/pgf/utilities\pgfutil-comm
on-lists.tex))
(C:\Users\Tai\AppData\Roaming\MiKTeX\2.9\tex/generic/pgf/utilities\pgfutil-late
x.def
\pgfutil@abb=\box40
 (C:\Users\Tai\AppData\Roaming\MiKTeX\2.9\tex/latex/ms\everyshi.sty
Package: everyshi 2001/05/15 v3.00 EveryShipout Package (MS)
))
(C:\Users\Tai\AppData\Roaming\MiKTeX\2.9\tex/generic/pgf/utilities\pgfrcs.code.
tex (C:\Users\Tai\AppData\Roaming\MiKTeX\2.9\tex/generic/pgf\pgf.revision.tex)
Package: pgfrcs 2019/04/04 v3.1.2 (3.1.2)
))
Package: pgf 2019/04/04 v3.1.2 (3.1.2)
 (C:\Users\Tai\AppData\Roaming\MiKTeX\2.9\tex/latex/pgf/basiclayer\pgfcore.sty 
("C:\Daily Tools\MiKTeX\tex/latex/graphics\graphicx.sty"
Package: graphicx 2017/06/01 v1.1a Enhanced LaTeX Graphics (DPC,SPQR)

("C:\Daily Tools\MiKTeX\tex/latex/graphics\keyval.sty"
Package: keyval 2014/10/28 v1.15 key=value parser (DPC)
\KV@toks@=\toks22
)
("C:\Daily Tools\MiKTeX\tex/latex/graphics\graphics.sty"
Package: graphics 2017/06/25 v1.2c Standard LaTeX Graphics (DPC,SPQR)

("C:\Daily Tools\MiKTeX\tex/latex/graphics\trig.sty"
Package: trig 2016/01/03 v1.10 sin cos tan (DPC)
)
(C:\Users\Tai\AppData\Roaming\MiKTeX\2.9\tex/latex/graphics-cfg\graphics.cfg
File: graphics.cfg 2016/06/04 v1.11 sample graphics configuration
)
Package graphics Info: Driver file: pdftex.def on input line 99.
)
\Gin@req@height=\dimen116
\Gin@req@width=\dimen117
) (C:\Users\Tai\AppData\Roaming\MiKTeX\2.9\tex/latex/pgf/systemlayer\pgfsys.sty

(C:\Users\Tai\AppData\Roaming\MiKTeX\2.9\tex/generic/pgf/systemlayer\pgfsys.cod
e.tex
Package: pgfsys 2019/04/04 v3.1.2 (3.1.2)

(C:\Users\Tai\AppData\Roaming\MiKTeX\2.9\tex/generic/pgf/utilities\pgfkeys.code
.tex
\pgfkeys@pathtoks=\toks23
\pgfkeys@temptoks=\toks24

(C:\Users\Tai\AppData\Roaming\MiKTeX\2.9\tex/generic/pgf/utilities\pgfkeysfilte
red.code.tex
\pgfkeys@tmptoks=\toks25
))
\pgf@x=\dimen118
\pgf@y=\dimen119
\pgf@xa=\dimen120
\pgf@ya=\dimen121
\pgf@xb=\dimen122
\pgf@yb=\dimen123
\pgf@xc=\dimen124
\pgf@yc=\dimen125
\w@pgf@writea=\write3
\r@pgf@reada=\read1
\c@pgf@counta=\count104
\c@pgf@countb=\count105
\c@pgf@countc=\count106
\c@pgf@countd=\count107
\t@pgf@toka=\toks26
\t@pgf@tokb=\toks27
\t@pgf@tokc=\toks28
\pgf@sys@id@count=\count108

(C:\Users\Tai\AppData\Roaming\MiKTeX\2.9\tex/generic/pgf/systemlayer\pgf.cfg
File: pgf.cfg 2019/04/04 v3.1.2 (3.1.2)
)
Driver file for pgf: pgfsys-pdftex.def

(C:\Users\Tai\AppData\Roaming\MiKTeX\2.9\tex/generic/pgf/systemlayer\pgfsys-pdf
tex.def
File: pgfsys-pdftex.def 2019/04/04 v3.1.2 (3.1.2)

(C:\Users\Tai\AppData\Roaming\MiKTeX\2.9\tex/generic/pgf/systemlayer\pgfsys-com
mon-pdf.def
File: pgfsys-common-pdf.def 2019/04/04 v3.1.2 (3.1.2)
)))
(C:\Users\Tai\AppData\Roaming\MiKTeX\2.9\tex/generic/pgf/systemlayer\pgfsyssoft
path.code.tex
File: pgfsyssoftpath.code.tex 2019/04/04 v3.1.2 (3.1.2)
\pgfsyssoftpath@smallbuffer@items=\count109
\pgfsyssoftpath@bigbuffer@items=\count110
)
(C:\Users\Tai\AppData\Roaming\MiKTeX\2.9\tex/generic/pgf/systemlayer\pgfsysprot
ocol.code.tex
File: pgfsysprotocol.code.tex 2019/04/04 v3.1.2 (3.1.2)
))
(C:\Users\Tai\AppData\Roaming\MiKTeX\2.9\tex/generic/pgf/basiclayer\pgfcore.cod
e.tex
Package: pgfcore 2019/04/04 v3.1.2 (3.1.2)

(C:\Users\Tai\AppData\Roaming\MiKTeX\2.9\tex/generic/pgf/math\pgfmath.code.tex
(C:\Users\Tai\AppData\Roaming\MiKTeX\2.9\tex/generic/pgf/math\pgfmathcalc.code.
tex
(C:\Users\Tai\AppData\Roaming\MiKTeX\2.9\tex/generic/pgf/math\pgfmathutil.code.
tex)
(C:\Users\Tai\AppData\Roaming\MiKTeX\2.9\tex/generic/pgf/math\pgfmathparser.cod
e.tex
\pgfmath@dimen=\dimen126
\pgfmath@count=\count111
\pgfmath@box=\box41
\pgfmath@toks=\toks29
\pgfmath@stack@operand=\toks30
\pgfmath@stack@operation=\toks31
)
(C:\Users\Tai\AppData\Roaming\MiKTeX\2.9\tex/generic/pgf/math\pgfmathfunctions.
code.tex
(C:\Users\Tai\AppData\Roaming\MiKTeX\2.9\tex/generic/pgf/math\pgfmathfunctions.
basic.code.tex)
(C:\Users\Tai\AppData\Roaming\MiKTeX\2.9\tex/generic/pgf/math\pgfmathfunctions.
trigonometric.code.tex)
(C:\Users\Tai\AppData\Roaming\MiKTeX\2.9\tex/generic/pgf/math\pgfmathfunctions.
random.code.tex)
(C:\Users\Tai\AppData\Roaming\MiKTeX\2.9\tex/generic/pgf/math\pgfmathfunctions.
comparison.code.tex)
(C:\Users\Tai\AppData\Roaming\MiKTeX\2.9\tex/generic/pgf/math\pgfmathfunctions.
base.code.tex)
(C:\Users\Tai\AppData\Roaming\MiKTeX\2.9\tex/generic/pgf/math\pgfmathfunctions.
round.code.tex)
(C:\Users\Tai\AppData\Roaming\MiKTeX\2.9\tex/generic/pgf/math\pgfmathfunctions.
misc.code.tex)
(C:\Users\Tai\AppData\Roaming\MiKTeX\2.9\tex/generic/pgf/math\pgfmathfunctions.
integerarithmetics.code.tex)))
(C:\Users\Tai\AppData\Roaming\MiKTeX\2.9\tex/generic/pgf/math\pgfmathfloat.code
.tex
\c@pgfmathroundto@lastzeros=\count112
))
(C:\Users\Tai\AppData\Roaming\MiKTeX\2.9\tex/generic/pgf/basiclayer\pgfcorepoin
ts.code.tex
File: pgfcorepoints.code.tex 2019/04/04 v3.1.2 (3.1.2)
\pgf@picminx=\dimen127
\pgf@picmaxx=\dimen128
\pgf@picminy=\dimen129
\pgf@picmaxy=\dimen130
\pgf@pathminx=\dimen131
\pgf@pathmaxx=\dimen132
\pgf@pathminy=\dimen133
\pgf@pathmaxy=\dimen134
\pgf@xx=\dimen135
\pgf@xy=\dimen136
\pgf@yx=\dimen137
\pgf@yy=\dimen138
\pgf@zx=\dimen139
\pgf@zy=\dimen140
)
(C:\Users\Tai\AppData\Roaming\MiKTeX\2.9\tex/generic/pgf/basiclayer\pgfcorepath
construct.code.tex
File: pgfcorepathconstruct.code.tex 2019/04/04 v3.1.2 (3.1.2)
\pgf@path@lastx=\dimen141
\pgf@path@lasty=\dimen142
)
(C:\Users\Tai\AppData\Roaming\MiKTeX\2.9\tex/generic/pgf/basiclayer\pgfcorepath
usage.code.tex
File: pgfcorepathusage.code.tex 2019/04/04 v3.1.2 (3.1.2)
\pgf@shorten@end@additional=\dimen143
\pgf@shorten@start@additional=\dimen144
)
(C:\Users\Tai\AppData\Roaming\MiKTeX\2.9\tex/generic/pgf/basiclayer\pgfcorescop
es.code.tex
File: pgfcorescopes.code.tex 2019/04/04 v3.1.2 (3.1.2)
\pgfpic=\box42
\pgf@hbox=\box43
\pgf@layerbox@main=\box44
\pgf@picture@serial@count=\count113
)
(C:\Users\Tai\AppData\Roaming\MiKTeX\2.9\tex/generic/pgf/basiclayer\pgfcoregrap
hicstate.code.tex
File: pgfcoregraphicstate.code.tex 2019/04/04 v3.1.2 (3.1.2)
\pgflinewidth=\dimen145
)
(C:\Users\Tai\AppData\Roaming\MiKTeX\2.9\tex/generic/pgf/basiclayer\pgfcoretran
sformations.code.tex
File: pgfcoretransformations.code.tex 2019/04/04 v3.1.2 (3.1.2)
\pgf@pt@x=\dimen146
\pgf@pt@y=\dimen147
\pgf@pt@temp=\dimen148
)
(C:\Users\Tai\AppData\Roaming\MiKTeX\2.9\tex/generic/pgf/basiclayer\pgfcorequic
k.code.tex
File: pgfcorequick.code.tex 2019/04/04 v3.1.2 (3.1.2)
)
(C:\Users\Tai\AppData\Roaming\MiKTeX\2.9\tex/generic/pgf/basiclayer\pgfcoreobje
cts.code.tex
File: pgfcoreobjects.code.tex 2019/04/04 v3.1.2 (3.1.2)
)
(C:\Users\Tai\AppData\Roaming\MiKTeX\2.9\tex/generic/pgf/basiclayer\pgfcorepath
processing.code.tex
File: pgfcorepathprocessing.code.tex 2019/04/04 v3.1.2 (3.1.2)
)
(C:\Users\Tai\AppData\Roaming\MiKTeX\2.9\tex/generic/pgf/basiclayer\pgfcorearro
ws.code.tex
File: pgfcorearrows.code.tex 2019/04/04 v3.1.2 (3.1.2)
\pgfarrowsep=\dimen149
)
(C:\Users\Tai\AppData\Roaming\MiKTeX\2.9\tex/generic/pgf/basiclayer\pgfcoreshad
e.code.tex
File: pgfcoreshade.code.tex 2019/04/04 v3.1.2 (3.1.2)
\pgf@max=\dimen150
\pgf@sys@shading@range@num=\count114
\pgf@shadingcount=\count115
)
(C:\Users\Tai\AppData\Roaming\MiKTeX\2.9\tex/generic/pgf/basiclayer\pgfcoreimag
e.code.tex
File: pgfcoreimage.code.tex 2019/04/04 v3.1.2 (3.1.2)

(C:\Users\Tai\AppData\Roaming\MiKTeX\2.9\tex/generic/pgf/basiclayer\pgfcoreexte
rnal.code.tex
File: pgfcoreexternal.code.tex 2019/04/04 v3.1.2 (3.1.2)
\pgfexternal@startupbox=\box45
))
(C:\Users\Tai\AppData\Roaming\MiKTeX\2.9\tex/generic/pgf/basiclayer\pgfcorelaye
rs.code.tex
File: pgfcorelayers.code.tex 2019/04/04 v3.1.2 (3.1.2)
)
(C:\Users\Tai\AppData\Roaming\MiKTeX\2.9\tex/generic/pgf/basiclayer\pgfcoretran
sparency.code.tex
File: pgfcoretransparency.code.tex 2019/04/04 v3.1.2 (3.1.2)
)
(C:\Users\Tai\AppData\Roaming\MiKTeX\2.9\tex/generic/pgf/basiclayer\pgfcorepatt
erns.code.tex
File: pgfcorepatterns.code.tex 2019/04/04 v3.1.2 (3.1.2)
)
(C:\Users\Tai\AppData\Roaming\MiKTeX\2.9\tex/generic/pgf/basiclayer\pgfcorerdf.
code.tex
File: pgfcorerdf.code.tex 2019/04/04 v3.1.2 (3.1.2)
)))
(C:\Users\Tai\AppData\Roaming\MiKTeX\2.9\tex/generic/pgf/modules\pgfmoduleshape
s.code.tex
File: pgfmoduleshapes.code.tex 2019/04/04 v3.1.2 (3.1.2)
\pgfnodeparttextbox=\box46
)
(C:\Users\Tai\AppData\Roaming\MiKTeX\2.9\tex/generic/pgf/modules\pgfmoduleplot.
code.tex
File: pgfmoduleplot.code.tex 2019/04/04 v3.1.2 (3.1.2)
)
(C:\Users\Tai\AppData\Roaming\MiKTeX\2.9\tex/latex/pgf/compatibility\pgfcomp-ve
rsion-0-65.sty
Package: pgfcomp-version-0-65 2019/04/04 v3.1.2 (3.1.2)
\pgf@nodesepstart=\dimen151
\pgf@nodesepend=\dimen152
)
(C:\Users\Tai\AppData\Roaming\MiKTeX\2.9\tex/latex/pgf/compatibility\pgfcomp-ve
rsion-1-18.sty
Package: pgfcomp-version-1-18 2019/04/04 v3.1.2 (3.1.2)
))
(C:\Users\Tai\AppData\Roaming\MiKTeX\2.9\tex/latex/pgf/utilities\pgffor.sty
(C:\Users\Tai\AppData\Roaming\MiKTeX\2.9\tex/latex/pgf/utilities\pgfkeys.sty
(C:\Users\Tai\AppData\Roaming\MiKTeX\2.9\tex/generic/pgf/utilities\pgfkeys.code
.tex)) (C:\Users\Tai\AppData\Roaming\MiKTeX\2.9\tex/latex/pgf/math\pgfmath.sty
(C:\Users\Tai\AppData\Roaming\MiKTeX\2.9\tex/generic/pgf/math\pgfmath.code.tex)
)
(C:\Users\Tai\AppData\Roaming\MiKTeX\2.9\tex/generic/pgf/utilities\pgffor.code.
tex
Package: pgffor 2019/04/04 v3.1.2 (3.1.2)

(C:\Users\Tai\AppData\Roaming\MiKTeX\2.9\tex/generic/pgf/math\pgfmath.code.tex)
\pgffor@iter=\dimen153
\pgffor@skip=\dimen154
\pgffor@stack=\toks32
\pgffor@toks=\toks33
))
(C:\Users\Tai\AppData\Roaming\MiKTeX\2.9\tex/generic/pgf/frontendlayer/tikz\tik
z.code.tex
Package: tikz 2019/04/04 v3.1.2 (3.1.2)

(C:\Users\Tai\AppData\Roaming\MiKTeX\2.9\tex/generic/pgf/libraries\pgflibrarypl
othandlers.code.tex
File: pgflibraryplothandlers.code.tex 2019/04/04 v3.1.2 (3.1.2)
\pgf@plot@mark@count=\count116
\pgfplotmarksize=\dimen155
)
\tikz@lastx=\dimen156
\tikz@lasty=\dimen157
\tikz@lastxsaved=\dimen158
\tikz@lastysaved=\dimen159
\tikzleveldistance=\dimen160
\tikzsiblingdistance=\dimen161
\tikz@figbox=\box47
\tikz@figbox@bg=\box48
\tikz@tempbox=\box49
\tikz@tempbox@bg=\box50
\tikztreelevel=\count117
\tikznumberofchildren=\count118
\tikznumberofcurrentchild=\count119
\tikz@fig@count=\count120

(C:\Users\Tai\AppData\Roaming\MiKTeX\2.9\tex/generic/pgf/modules\pgfmodulematri
x.code.tex
File: pgfmodulematrix.code.tex 2019/04/04 v3.1.2 (3.1.2)
\pgfmatrixcurrentrow=\count121
\pgfmatrixcurrentcolumn=\count122
\pgf@matrix@numberofcolumns=\count123
)
\tikz@expandcount=\count124

(C:\Users\Tai\AppData\Roaming\MiKTeX\2.9\tex/generic/pgf/frontendlayer/tikz/lib
raries\tikzlibrarytopaths.code.tex
File: tikzlibrarytopaths.code.tex 2019/04/04 v3.1.2 (3.1.2)
)))
(C:\Users\Tai\AppData\Roaming\MiKTeX\2.9\tex/latex/tikz-qtree\tikz-qtree.sty
(C:\Users\Tai\AppData\Roaming\MiKTeX\2.9\tex/latex/tikz-qtree\pgftree.sty
(C:\Users\Tai\AppData\Roaming\MiKTeX\2.9\tex/latex/tikz-qtree\pgfsubpic.sty
(C:\Users\Tai\AppData\Roaming\MiKTeX\2.9\tex/generic/tikz-qtree\pgfsubpic.tex
\pgf@subpicminx=\dimen162
\pgf@subpicminy=\dimen163
\pgf@subpicmaxx=\dimen164
\pgf@subpicmaxy=\dimen165
)) (C:\Users\Tai\AppData\Roaming\MiKTeX\2.9\tex/generic/tikz-qtree\pgftree.tex
\levelsep=\dimen166
\subtreesep=\dimen167
\smuggle@levelsep=\dimen168
\smuggle@subtreesep=\dimen169
\this@levelsep=\dimen170
\this@subtreesep=\dimen171
\pgftree@childx=\dimen172
\pgftree@savechildx=\dimen173
\pgftree@childy=\dimen174
\pgftree@savechildy=\dimen175
\pgftree@childi=\count125
\pgftree@savechildi=\count126
\pgftree@level=\count127
\pgftree@depth=\dimen176
\pgf@subpic@hbox@children=\box51
\pgf@subpic@minx@children=\dimen177
\pgf@subpic@miny@children=\dimen178
\pgf@subpic@maxx@children=\dimen179
\pgf@subpic@maxy@children=\dimen180
\pgftree@lastchildx=\dimen181
\pgftree@lastchildy=\dimen182
))
(C:\Users\Tai\AppData\Roaming\MiKTeX\2.9\tex/generic/tikz-qtree\tikz-qtree.tex
\@result=\toks34
\child@list=\toks35
\root@node=\toks36
)) (C:\Users\Tai\AppData\Roaming\MiKTeX\2.9\tex/latex/forest\forest.sty
Package: forest 2017/07/14 v2.1.5 Drawing (linguistic) trees

(C:\Users\Tai\AppData\Roaming\MiKTeX\2.9\tex/generic/pgf/frontendlayer/tikz/lib
raries\tikzlibraryshapes.code.tex
File: tikzlibraryshapes.code.tex 2019/04/04 v3.1.2 (3.1.2)

(C:\Users\Tai\AppData\Roaming\MiKTeX\2.9\tex/generic/pgf/frontendlayer/tikz/lib
raries\tikzlibraryshapes.geometric.code.tex
File: tikzlibraryshapes.geometric.code.tex 2019/04/04 v3.1.2 (3.1.2)

(C:\Users\Tai\AppData\Roaming\MiKTeX\2.9\tex/generic/pgf/libraries/shapes\pgfli
braryshapes.geometric.code.tex
File: pgflibraryshapes.geometric.code.tex 2019/04/04 v3.1.2 (3.1.2)
))
(C:\Users\Tai\AppData\Roaming\MiKTeX\2.9\tex/generic/pgf/frontendlayer/tikz/lib
raries\tikzlibraryshapes.misc.code.tex
File: tikzlibraryshapes.misc.code.tex 2019/04/04 v3.1.2 (3.1.2)

(C:\Users\Tai\AppData\Roaming\MiKTeX\2.9\tex/generic/pgf/libraries/shapes\pgfli
braryshapes.misc.code.tex
File: pgflibraryshapes.misc.code.tex 2019/04/04 v3.1.2 (3.1.2)
))
(C:\Users\Tai\AppData\Roaming\MiKTeX\2.9\tex/generic/pgf/frontendlayer/tikz/lib
raries\tikzlibraryshapes.symbols.code.tex
File: tikzlibraryshapes.symbols.code.tex 2019/04/04 v3.1.2 (3.1.2)

(C:\Users\Tai\AppData\Roaming\MiKTeX\2.9\tex/generic/pgf/libraries/shapes\pgfli
braryshapes.symbols.code.tex
File: pgflibraryshapes.symbols.code.tex 2019/04/04 v3.1.2 (3.1.2)
))
(C:\Users\Tai\AppData\Roaming\MiKTeX\2.9\tex/generic/pgf/frontendlayer/tikz/lib
raries\tikzlibraryshapes.arrows.code.tex
File: tikzlibraryshapes.arrows.code.tex 2019/04/04 v3.1.2 (3.1.2)

(C:\Users\Tai\AppData\Roaming\MiKTeX\2.9\tex/generic/pgf/libraries/shapes\pgfli
braryshapes.arrows.code.tex
File: pgflibraryshapes.arrows.code.tex 2019/04/04 v3.1.2 (3.1.2)
))
(C:\Users\Tai\AppData\Roaming\MiKTeX\2.9\tex/generic/pgf/frontendlayer/tikz/lib
raries\tikzlibraryshapes.callouts.code.tex
(C:\Users\Tai\AppData\Roaming\MiKTeX\2.9\tex/generic/pgf/libraries/shapes\pgfli
braryshapes.callouts.code.tex))
(C:\Users\Tai\AppData\Roaming\MiKTeX\2.9\tex/generic/pgf/frontendlayer/tikz/lib
raries\tikzlibraryshapes.multipart.code.tex
File: tikzlibraryshapes.multipart.code.tex 2019/04/04 v3.1.2 (3.1.2)

(C:\Users\Tai\AppData\Roaming\MiKTeX\2.9\tex/generic/pgf/libraries/shapes\pgfli
braryshapes.multipart.code.tex
File: pgflibraryshapes.multipart.code.tex 2019/04/04 v3.1.2 (3.1.2)
\pgfnodepartlowerbox=\box52
\pgfnodeparttwobox=\box53
\pgfnodepartthreebox=\box54
\pgfnodepartfourbox=\box55
\pgfnodeparttwentybox=\box56
\pgfnodepartnineteenbox=\box57
\pgfnodeparteighteenbox=\box58
\pgfnodepartseventeenbox=\box59
\pgfnodepartsixteenbox=\box60
\pgfnodepartfifteenbox=\box61
\pgfnodepartfourteenbox=\box62
\pgfnodepartthirteenbox=\box63
\pgfnodeparttwelvebox=\box64
\pgfnodepartelevenbox=\box65
\pgfnodeparttenbox=\box66
\pgfnodepartninebox=\box67
\pgfnodeparteightbox=\box68
\pgfnodepartsevenbox=\box69
\pgfnodepartsixbox=\box70
\pgfnodepartfivebox=\box71
)))
(C:\Users\Tai\AppData\Roaming\MiKTeX\2.9\tex/generic/pgf/frontendlayer/tikz/lib
raries\tikzlibraryfit.code.tex
File: tikzlibraryfit.code.tex 2019/04/04 v3.1.2 (3.1.2)
)
(C:\Users\Tai\AppData\Roaming\MiKTeX\2.9\tex/generic/pgf/frontendlayer/tikz/lib
raries\tikzlibrarycalc.code.tex
File: tikzlibrarycalc.code.tex 2019/04/04 v3.1.2 (3.1.2)
)
(C:\Users\Tai\AppData\Roaming\MiKTeX\2.9\tex/generic/pgf/libraries\pgflibraryin
tersections.code.tex
(C:\Users\Tai\AppData\Roaming\MiKTeX\2.9\tex/generic/pgf/libraries\pgflibraryfp
u.code.tex)
\pgf@intersect@solutions=\count128
)
(C:\Users\Tai\AppData\Roaming\MiKTeX\2.9\tex/latex/pgfopts\pgfopts.sty
Package: pgfopts 2014/07/10 v2.1a LaTeX package options with pgfkeys
\pgfopts@list@add@a@toks=\toks37
\pgfopts@list@add@b@toks=\toks38
)
(C:\Users\Tai\AppData\Roaming\MiKTeX\2.9\tex/latex/etoolbox\etoolbox.sty
Package: etoolbox 2018/08/19 v2.5f e-TeX tools for LaTeX (JAW)
\etb@tempcnta=\count129
)
(C:\Users\Tai\AppData\Roaming\MiKTeX\2.9\tex/latex/elocalloc\elocalloc.sty
Package: elocalloc 2016/12/15 v0.03 local allocation for LaTeX 2015+ (DPC)
)
(C:\Users\Tai\AppData\Roaming\MiKTeX\2.9\tex/latex/environ\environ.sty
Package: environ 2014/05/04 v0.3 A new way to define environments

(C:\Users\Tai\AppData\Roaming\MiKTeX\2.9\tex/latex/trimspaces\trimspaces.sty
Package: trimspaces 2009/09/17 v1.1 Trim spaces around a token list
)
\@envbody=\toks39
)
(C:\Users\Tai\AppData\Roaming\MiKTeX\2.9\tex/latex/l3packages/xparse\xparse.sty
(C:\Users\Tai\AppData\Roaming\MiKTeX\2.9\tex/latex/l3kernel\expl3.sty
Package: expl3 2019-04-06 L3 programming layer (loader) 

(C:\Users\Tai\AppData\Roaming\MiKTeX\2.9\tex/latex/l3kernel\expl3-code.tex
Package: expl3 2019-04-06 L3 programming layer (code)
\c_max_int=\count130
\l_tmpa_int=\count131
\l_tmpb_int=\count132
\g_tmpa_int=\count133
\g_tmpb_int=\count134
\g__kernel_prg_map_int=\count135
\c__ior_term_ior=\count136
\c_log_iow=\count137
\l_iow_line_count_int=\count138
\l__iow_line_target_int=\count139
\l__iow_one_indent_int=\count140
\l__iow_indent_int=\count141
\c_zero_dim=\dimen183
\c_max_dim=\dimen184
\l_tmpa_dim=\dimen185
\l_tmpb_dim=\dimen186
\g_tmpa_dim=\dimen187
\g_tmpb_dim=\dimen188
\c_zero_skip=\skip54
\c_max_skip=\skip55
\l_tmpa_skip=\skip56
\l_tmpb_skip=\skip57
\g_tmpa_skip=\skip58
\g_tmpb_skip=\skip59
\c_zero_muskip=\muskip10
\c_max_muskip=\muskip11
\l_tmpa_muskip=\muskip12
\l_tmpb_muskip=\muskip13
\g_tmpa_muskip=\muskip14
\g_tmpb_muskip=\muskip15
\l_keys_choice_int=\count142
\l__intarray_loop_int=\count143
\c__intarray_sp_dim=\dimen189
\g__intarray_font_int=\count144
\c__fp_leading_shift_int=\count145
\c__fp_middle_shift_int=\count146
\c__fp_trailing_shift_int=\count147
\c__fp_big_leading_shift_int=\count148
\c__fp_big_middle_shift_int=\count149
\c__fp_big_trailing_shift_int=\count150
\c__fp_Bigg_leading_shift_int=\count151
\c__fp_Bigg_middle_shift_int=\count152
\c__fp_Bigg_trailing_shift_int=\count153
\c__kernel_randint_max_int=\count154
\g__fp_array_int=\count155
\l__fp_array_loop_int=\count156
\l__sort_length_int=\count157
\l__sort_min_int=\count158
\l__sort_top_int=\count159
\l__sort_max_int=\count160
\l__sort_true_max_int=\count161
\l__sort_block_int=\count162
\l__sort_begin_int=\count163
\l__sort_end_int=\count164
\l__sort_A_int=\count165
\l__sort_B_int=\count166
\l__sort_C_int=\count167
\l__tl_analysis_normal_int=\count168
\l__tl_analysis_index_int=\count169
\l__tl_analysis_nesting_int=\count170
\l__tl_analysis_type_int=\count171
\l__regex_internal_a_int=\count172
\l__regex_internal_b_int=\count173
\l__regex_internal_c_int=\count174
\l__regex_balance_int=\count175
\l__regex_group_level_int=\count176
\l__regex_mode_int=\count177
\c__regex_cs_in_class_mode_int=\count178
\c__regex_cs_mode_int=\count179
\l__regex_catcodes_int=\count180
\l__regex_default_catcodes_int=\count181
\c__regex_catcode_D_int=\count182
\c__regex_catcode_S_int=\count183
\c__regex_catcode_L_int=\count184
\c__regex_catcode_O_int=\count185
\c__regex_catcode_A_int=\count186
\c__regex_all_catcodes_int=\count187
\l__regex_show_lines_int=\count188
\l__regex_min_state_int=\count189
\l__regex_max_state_int=\count190
\l__regex_left_state_int=\count191
\l__regex_right_state_int=\count192
\l__regex_capturing_group_int=\count193
\l__regex_min_pos_int=\count194
\l__regex_max_pos_int=\count195
\l__regex_curr_pos_int=\count196
\l__regex_start_pos_int=\count197
\l__regex_success_pos_int=\count198
\l__regex_curr_char_int=\count199
\l__regex_curr_catcode_int=\count266
\l__regex_last_char_int=\count267
\l__regex_case_changed_char_int=\count268
\l__regex_curr_state_int=\count269
\l__regex_step_int=\count270
\l__regex_min_active_int=\count271
\l__regex_max_active_int=\count272
\l__regex_replacement_csnames_int=\count273
\l__regex_match_count_int=\count274
\l__regex_min_submatch_int=\count275
\l__regex_submatch_int=\count276
\l__regex_zeroth_submatch_int=\count277
\g__regex_trace_regex_int=\count278
\c_empty_box=\box72
\l_tmpa_box=\box73
\l_tmpb_box=\box74
\g_tmpa_box=\box75
\g_tmpb_box=\box76
\l__box_top_dim=\dimen190
\l__box_bottom_dim=\dimen191
\l__box_left_dim=\dimen192
\l__box_right_dim=\dimen193
\l__box_top_new_dim=\dimen194
\l__box_bottom_new_dim=\dimen195
\l__box_left_new_dim=\dimen196
\l__box_right_new_dim=\dimen197
\l__box_internal_box=\box77
\l__coffin_internal_box=\box78
\l__coffin_internal_dim=\dimen198
\l__coffin_offset_x_dim=\dimen199
\l__coffin_offset_y_dim=\dimen256
\l__coffin_x_dim=\dimen257
\l__coffin_y_dim=\dimen258
\l__coffin_x_prime_dim=\dimen259
\l__coffin_y_prime_dim=\dimen260
\c_empty_coffin=\box79
\l__coffin_aligned_coffin=\box80
\l__coffin_aligned_internal_coffin=\box81
\l_tmpa_coffin=\box82
\l_tmpb_coffin=\box83
\g_tmpa_coffin=\box84
\g_tmpb_coffin=\box85
\l__coffin_bounding_shift_dim=\dimen261
\l__coffin_left_corner_dim=\dimen262
\l__coffin_right_corner_dim=\dimen263
\l__coffin_bottom_corner_dim=\dimen264
\l__coffin_top_corner_dim=\dimen265
\l__coffin_scaled_total_height_dim=\dimen266
\l__coffin_scaled_width_dim=\dimen267
\c__coffin_empty_coffin=\box86
\l__coffin_display_coffin=\box87
\l__coffin_display_coord_coffin=\box88
\l__coffin_display_pole_coffin=\box89
\l__coffin_display_offset_dim=\dimen268
\l__coffin_display_x_dim=\dimen269
\l__coffin_display_y_dim=\dimen270
\g__file_internal_ior=\read2
\l__seq_internal_a_int=\count279
\l__seq_internal_b_int=\count280
\c__deprecation_minus_one=\count281
)
(C:\Users\Tai\AppData\Roaming\MiKTeX\2.9\tex/latex/l3kernel\l3pdfmode.def
File: l3pdfmode.def 2019-04-06 v L3 Experimental driver: PDF mode
\l__driver_color_stack_int=\count282
))
Package: xparse 2019-03-05 L3 Experimental document command parser
\l__xparse_current_arg_int=\count283
\g__xparse_grabber_int=\count284
\l__xparse_m_args_int=\count285
\l__xparse_v_nesting_int=\count286
)
(C:\Users\Tai\AppData\Roaming\MiKTeX\2.9\tex/latex/inlinedef\inlinedef.sty
Package: inlinedef 2008/07/10 v1.0 Inlined expansions within definitions
\ID@toks=\toks40
\ID@count=\count287
)
\ID@usercommands=\toks41
\safeloop@depth=\count288
\safeRKloop@depth=\count289
\forest@temp@dimen=\dimen271
\forest@temp@count=\count290
\forest@n=\count291
\forest@temp@global@count=\count292
\forest@temp@toks=\toks42
\forest@temparray@M=\count293
\forest@temparray@N=\count294
\forest@global@temparray@M=\count295
\forest@global@temparray@N=\count296
\forest@isnum@count=\count297
\forest@isdim@nonintpart=\count298
\forest@isdim@dimen=\dimen272
\forest@sort@m=\count299
\forest@sort@k=\count300
\forest@sort@p=\count301
\bracket@content=\toks43
\bracket@afterthought=\toks44
\forest@node@maxid=\count302
\forest@process@left@M=\count303
\forest@process@left@N=\count304
\forest@process@right@M=\count305
\forest@process@right@N=\count306
\forest@process@saved@M=\count307
\forest@process@saved@N=\count308
\forest@process@result@M=\count309
\forest@process@result@N=\count310
\forest@process@n=\count311
\forest@nodewalk@branch@toks=\toks45
\forest@nodewalk@shortsteps@resolution=\toks46
\forest@do@dynamics=\toks47
\forest@box=\box90
\forest@xg=\dimen273
\forest@yg=\dimen274
\forest@xs=\dimen275
\forest@ys=\dimen276
\forest@pi@toks=\toks48
\forest@segment@toks=\toks49
\forest@PIi@toks=\toks50
\forest@PIii@toks=\toks51
\forest@copy@in=\read3
\forest@copy@out=\write4
\forest@externalize@max@outer@n=\count312
\forest@externalize@inner@n=\count313
)
(C:\Users\Tai\AppData\Roaming\MiKTeX\2.9\tex/latex/forest\forest-lib-linguistic
s.sty
Package: forest-lib-linguistics 2017/07/14 v0.1.2
\standardnodestrutbox=\box91
)
(C:\Users\Tai\AppData\Roaming\MiKTeX\2.9\tex/generic/pgf/libraries\pgflibraryar
rows.meta.code.tex
File: pgflibraryarrows.meta.code.tex 2019/04/04 v3.1.2 (3.1.2)
\pgfarrowinset=\dimen277
\pgfarrowlength=\dimen278
\pgfarrowwidth=\dimen279
\pgfarrowlinewidth=\dimen280
)
(C:\Users\Tai\AppData\Roaming\MiKTeX\2.9\tex/latex/tcolorbox\tcolorbox.sty
Package: tcolorbox 2019/03/02 version 4.20 text color boxes

("C:\Daily Tools\MiKTeX\tex/latex/tools\verbatim.sty"
Package: verbatim 2014/10/28 v1.5q LaTeX2e package for verbatim enhancements
\every@verbatim=\toks52
\verbatim@line=\toks53
\verbatim@in@stream=\read4
)
\tcb@titlebox=\box92
\tcb@upperbox=\box93
\tcb@lowerbox=\box94
\tcb@phantombox=\box95
\c@tcbbreakpart=\count314
\c@tcblayer=\count315
\tcolorbox@number=\count316
\tcb@temp=\box96
\tcb@temp=\box97
\tcb@temp=\box98
\tcb@temp=\box99
\tcb@out=\write5
\tcb@record@out=\write6

(C:\Users\Tai\AppData\Roaming\MiKTeX\2.9\tex/latex/tcolorbox\tcbbreakable.code.
tex
Library (tcolorbox): 'tcbbreakable.code.tex' version '4.20'
\tcb@testbox=\box100
\tcb@totalupperbox=\box101
\tcb@totallowerbox=\box102
)) ("C:\Daily Tools\MiKTeX\tex/latex/amsmath\amsmath.sty"
Package: amsmath 2018/12/01 v2.17b AMS math features
\@mathmargin=\skip60

For additional information on amsmath, use the `?' option.
("C:\Daily Tools\MiKTeX\tex/latex/amsmath\amstext.sty"
Package: amstext 2000/06/29 v2.01 AMS text

("C:\Daily Tools\MiKTeX\tex/latex/amsmath\amsgen.sty"
File: amsgen.sty 1999/11/30 v2.0 generic functions
\@emptytoks=\toks54
\ex@=\dimen281
)
LaTeX Info: Redefining \text on input line 28.
)
("C:\Daily Tools\MiKTeX\tex/latex/amsmath\amsbsy.sty"
Package: amsbsy 1999/11/29 v1.2d Bold Symbols
\pmbraise@=\dimen282
)
("C:\Daily Tools\MiKTeX\tex/latex/amsmath\amsopn.sty"
Package: amsopn 2016/03/08 v2.02 operator names
)
\inf@bad=\count317
LaTeX Info: Redefining \frac on input line 223.
\uproot@=\count318
\leftroot@=\count319
LaTeX Info: Redefining \overline on input line 385.
\classnum@=\count320
\DOTSCASE@=\count321
LaTeX Info: Redefining \ldots on input line 482.
LaTeX Info: Redefining \dots on input line 485.
LaTeX Info: Redefining \cdots on input line 606.
\Mathstrutbox@=\box103
\strutbox@=\box104
\big@size=\dimen283
LaTeX Font Info:    Redeclaring font encoding OML on input line 729.
LaTeX Font Info:    Redeclaring font encoding OMS on input line 730.
\macc@depth=\count322
\c@MaxMatrixCols=\count323
\dotsspace@=\muskip16
\c@parentequation=\count324
\dspbrk@lvl=\count325
\tag@help=\toks55
\row@=\count326
\column@=\count327
\maxfields@=\count328
\andhelp@=\toks56
\eqnshift@=\dimen284
\alignsep@=\dimen285
\tagshift@=\dimen286
\tagwidth@=\dimen287
\totwidth@=\dimen288
\lineht@=\dimen289
\@envbody=\toks57
\multlinegap=\skip61
\multlinetaggap=\skip62
\mathdisplay@stack=\toks58
LaTeX Info: Redefining \[ on input line 2844.
LaTeX Info: Redefining \] on input line 2845.
)
("C:\Daily Tools\MiKTeX\tex/latex/amsfonts\amssymb.sty"
Package: amssymb 2013/01/14 v3.01 AMS font symbols

("C:\Daily Tools\MiKTeX\tex/latex/amsfonts\amsfonts.sty"
Package: amsfonts 2013/01/14 v3.01 Basic AMSFonts support
\symAMSa=\mathgroup5
\symAMSb=\mathgroup6
LaTeX Font Info:    Overwriting math alphabet `\mathfrak' in version `bold'
(Font)                  U/euf/m/n --> U/euf/b/n on input line 106.
))
(C:\Users\Tai\AppData\Roaming\MiKTeX\2.9\tex/latex/stmaryrd\stmaryrd.sty
Package: stmaryrd 1994/03/03 St Mary's Road symbol package
\symstmry=\mathgroup7
LaTeX Font Info:    Overwriting symbol font `stmry' in version `bold'
(Font)                  U/stmry/m/n --> U/stmry/b/n on input line 89.
)
(C:\Users\Tai\AppData\Roaming\MiKTeX\2.9\tex/latex/cancel\cancel.sty
Package: cancel 2013/04/12 v2.2 Cancel math terms
)
(C:\Users\Tai\AppData\Roaming\MiKTeX\2.9\tex/latex/setspace\setspace.sty
Package: setspace 2011/12/19 v6.7a set line spacing
)
("C:\Daily Tools\MiKTeX\tex/latex/tools\multicol.sty"
Package: multicol 2018/12/27 v1.8v multicolumn formatting (FMi)
\c@tracingmulticols=\count329
\mult@box=\box105
\multicol@leftmargin=\dimen290
\c@unbalance=\count330
\c@collectmore=\count331
\doublecol@number=\count332
\multicoltolerance=\count333
\multicolpretolerance=\count334
\full@width=\dimen291
\page@free=\dimen292
\premulticols=\dimen293
\postmulticols=\dimen294
\multicolsep=\skip63
\multicolbaselineskip=\skip64
\partial@page=\box106
\last@line=\box107
\maxbalancingoverflow=\dimen295
\mult@rightbox=\box108
\mult@grightbox=\box109
\mult@gfirstbox=\box110
\mult@firstbox=\box111
\@tempa=\box112
\@tempa=\box113
\@tempa=\box114
\@tempa=\box115
\@tempa=\box116
\@tempa=\box117
\@tempa=\box118
\@tempa=\box119
\@tempa=\box120
\@tempa=\box121
\@tempa=\box122
\@tempa=\box123
\@tempa=\box124
\@tempa=\box125
\@tempa=\box126
\@tempa=\box127
\@tempa=\box128
\c@columnbadness=\count335
\c@finalcolumnbadness=\count336
\last@try=\dimen296
\multicolovershoot=\dimen297
\multicolundershoot=\dimen298
\mult@nat@firstbox=\box129
\colbreak@box=\box130
\mc@col@check@num=\count337
)
(C:\Users\Tai\AppData\Roaming\MiKTeX\2.9\tex/latex/wrapfig\wrapfig.sty
\wrapoverhang=\dimen299
\WF@size=\dimen300
\c@WF@wrappedlines=\count338
\WF@box=\box131
\WF@everypar=\toks59
Package: wrapfig 2003/01/31  v 3.6
)
(C:\Users\Tai\AppData\Roaming\MiKTeX\2.9\tex/latex/titlesec\titlesec.sty
Package: titlesec 2016/03/21 v2.10.2 Sectioning titles
\ttl@box=\box132
\beforetitleunit=\skip65
\aftertitleunit=\skip66
\ttl@plus=\dimen301
\ttl@minus=\dimen302
\ttl@toksa=\toks60
\titlewidth=\dimen303
\titlewidthlast=\dimen304
\titlewidthfirst=\dimen305
)
(C:\Users\Tai\AppData\Roaming\MiKTeX\2.9\tex/latex/csquotes\csquotes.sty
Package: csquotes 2018/04/13 v5.2d context-sensitive quotations (JAW)
\csq@reset=\count339
\csq@gtype=\count340
\csq@glevel=\count341
\csq@qlevel=\count342
\csq@maxlvl=\count343
\csq@tshold=\count344
\csq@ltx@everypar=\toks61

(C:\Users\Tai\AppData\Roaming\MiKTeX\2.9\tex/latex/csquotes\csquotes.def
File: csquotes.def 2018/04/13 v5.2d csquotes generic definitions (JAW)
)
Package csquotes Info: Trying to load configuration file 'csquotes.cfg'...
Package csquotes Info: ... configuration file loaded successfully.

(C:\Users\Tai\AppData\Roaming\MiKTeX\2.9\tex/latex/csquotes\csquotes.cfg
File: csquotes.cfg 
))
("C:\Daily Tools\MiKTeX\tex/latex/geometry\geometry.sty"
Package: geometry 2018/04/16 v5.8 Page Geometry

("C:\Daily Tools\MiKTeX\tex/generic/oberdiek\ifpdf.sty"
Package: ifpdf 2018/09/07 v3.3 Provides the ifpdf switch
)
("C:\Daily Tools\MiKTeX\tex/generic/oberdiek\ifvtex.sty"
Package: ifvtex 2016/05/16 v1.6 Detect VTeX and its facilities (HO)
Package ifvtex Info: VTeX not detected.
)
\Gm@cnth=\count345
\Gm@cntv=\count346
\c@Gm@tempcnt=\count347
\Gm@bindingoffset=\dimen306
\Gm@wd@mp=\dimen307
\Gm@odd@mp=\dimen308
\Gm@even@mp=\dimen309
\Gm@layoutwidth=\dimen310
\Gm@layoutheight=\dimen311
\Gm@layouthoffset=\dimen312
\Gm@layoutvoffset=\dimen313
\Gm@dimlist=\toks62

("C:\Daily Tools\MiKTeX\tex/latex/geometry\geometry.cfg"))
(C:\Users\Tai\AppData\Roaming\MiKTeX\2.9\tex/latex/fancyhdr\fancyhdr.sty
Package: fancyhdr 2019/01/31 v3.10 Extensive control of page headers and footer
s
\f@nch@headwidth=\skip67
\f@nch@O@elh=\skip68
\f@nch@O@erh=\skip69
\f@nch@O@olh=\skip70
\f@nch@O@orh=\skip71
\f@nch@O@elf=\skip72
\f@nch@O@erf=\skip73
\f@nch@O@olf=\skip74
\f@nch@O@orf=\skip75
))
(mycommands.sty
Package: mycommands 
)
Package csquotes Info: Checking for multilingual support...
Package csquotes Info: ... none found.
 (drawing_trees.aux)
\openout1 = `drawing_trees.aux'.

LaTeX Font Info:    Checking defaults for OML/cmm/m/it on input line 6.
LaTeX Font Info:    ... okay on input line 6.
LaTeX Font Info:    Checking defaults for T1/cmr/m/n on input line 6.
LaTeX Font Info:    ... okay on input line 6.
LaTeX Font Info:    Checking defaults for OT1/cmr/m/n on input line 6.
LaTeX Font Info:    ... okay on input line 6.
LaTeX Font Info:    Checking defaults for OMS/cmsy/m/n on input line 6.
LaTeX Font Info:    ... okay on input line 6.
LaTeX Font Info:    Checking defaults for OMX/cmex/m/n on input line 6.
LaTeX Font Info:    ... okay on input line 6.
LaTeX Font Info:    Checking defaults for U/cmr/m/n on input line 6.
LaTeX Font Info:    ... okay on input line 6.
LaTeX Font Info:    Try loading font information for T1+bch on input line 6.

("C:\Daily Tools\MiKTeX\tex/latex/psnfss\t1bch.fd"
File: t1bch.fd 2004/10/18 font definitions for T1/bch.
)
(C:\Users\Tai\AppData\Roaming\MiKTeX\2.9\tex/context/base/mkii\supp-pdf.mkii
[Loading MPS to PDF converter (version 2006.09.02).]
\scratchcounter=\count348
\scratchdimen=\dimen314
\scratchbox=\box133
\nofMPsegments=\count349
\nofMParguments=\count350
\everyMPshowfont=\toks63
\MPscratchCnt=\count351
\MPscratchDim=\dimen315
\MPnumerator=\count352
\makeMPintoPDFobject=\count353
\everyMPtoPDFconversion=\toks64
) ("C:\Daily Tools\MiKTeX\tex/latex/oberdiek\epstopdf-base.sty"
Package: epstopdf-base 2016/05/15 v2.6 Base part for package epstopdf

("C:\Daily Tools\MiKTeX\tex/generic/oberdiek\infwarerr.sty"
Package: infwarerr 2016/05/16 v1.4 Providing info/warning/error messages (HO)
)
("C:\Daily Tools\MiKTeX\tex/latex/oberdiek\grfext.sty"
Package: grfext 2016/05/16 v1.2 Manage graphics extensions (HO)

("C:\Daily Tools\MiKTeX\tex/generic/oberdiek\kvdefinekeys.sty"
Package: kvdefinekeys 2016/05/16 v1.4 Define keys (HO)

("C:\Daily Tools\MiKTeX\tex/generic/oberdiek\ltxcmds.sty"
Package: ltxcmds 2016/05/16 v1.23 LaTeX kernel commands for general use (HO)
)))
("C:\Daily Tools\MiKTeX\tex/latex/oberdiek\kvoptions.sty"
Package: kvoptions 2016/05/16 v3.12 Key value format for package options (HO)

("C:\Daily Tools\MiKTeX\tex/generic/oberdiek\kvsetkeys.sty"
Package: kvsetkeys 2016/05/16 v1.17 Key value parser (HO)

("C:\Daily Tools\MiKTeX\tex/generic/oberdiek\etexcmds.sty"
Package: etexcmds 2016/05/16 v1.6 Avoid name clashes with e-TeX commands (HO)
)))
("C:\Daily Tools\MiKTeX\tex/generic/oberdiek\pdftexcmds.sty"
Package: pdftexcmds 2018/09/10 v0.29 Utility functions of pdfTeX for LuaTeX (HO
)
Package pdftexcmds Info: LuaTeX not detected.
Package pdftexcmds Info: \pdf@primitive is available.
Package pdftexcmds Info: \pdf@ifprimitive is available.
Package pdftexcmds Info: \pdfdraftmode found.
)
Package epstopdf-base Info: Redefining graphics rule for `.eps' on input line 4
38.
Package grfext Info: Graphics extension search list:
(grfext)             [.pdf,.png,.jpg,.mps,.jpeg,.jbig2,.jb2,.PDF,.PNG,.JPG,.JPE
G,.JBIG2,.JB2,.eps]
(grfext)             \AppendGraphicsExtensions on input line 456.
)
ABD: EveryShipout initializing macros
*geometry* driver: auto-detecting
*geometry* detected driver: pdftex
*geometry* verbose mode - [ preamble ] result:
* driver: pdftex
* paper: letterpaper
* layout: <same size as paper>
* layoutoffset:(h,v)=(0.0pt,0.0pt)
* modes: 
* h-part:(L,W,R)=(56.9055pt, 500.484pt, 56.9055pt)
* v-part:(T,H,B)=(56.9055pt, 681.15898pt, 56.9055pt)
* \paperwidth=614.295pt
* \paperheight=794.96999pt
* \textwidth=500.484pt
* \textheight=681.15898pt
* \oddsidemargin=-15.36449pt
* \evensidemargin=-15.36449pt
* \topmargin=-15.36449pt
* \headheight=0.0pt
* \headsep=0.0pt
* \topskip=0.0pt
* \footskip=30.0pt
* \marginparwidth=65.0pt
* \marginparsep=11.0pt
* \columnsep=8.5359pt
* \skip\footins=9.0pt plus 4.0pt minus 2.0pt
* \hoffset=0.0pt
* \voffset=0.0pt
* \mag=1000
* \@twocolumnfalse
* \@twosidefalse
* \@mparswitchfalse
* \@reversemarginfalse
* (1in=72.27pt=25.4mm, 1cm=28.453pt)

(sim1/sdp_spp_nba.io.mgproc.forest
LaTeX Font Info:    Try loading font information for U+msa on input line 66.

("C:\Daily Tools\MiKTeX\tex/latex/amsfonts\umsa.fd"
File: umsa.fd 2013/01/14 v3.01 AMS symbols A
)
LaTeX Font Info:    Try loading font information for U+msb on input line 66.

("C:\Daily Tools\MiKTeX\tex/latex/amsfonts\umsb.fd"
File: umsb.fd 2013/01/14 v3.01 AMS symbols B
)
LaTeX Font Info:    Try loading font information for U+stmry on input line 66.

(C:\Users\Tai\AppData\Roaming\MiKTeX\2.9\tex/latex/stmaryrd\ustmry.fd))
(sim1/sdp_spp_yba.io.mgproc.forest) (sim1/vdp_spp_nba.io.mgproc.forest)
[1

{C:/Users/Tai/AppData/Local/MiKTeX/2.9/pdftex/config/pdftex.map}]
(sim1/vdp_spp_yba.io.mgproc.forest) (sim1/rdp_spp_nba.io.mgproc.forest)
[2] (sim1/rdp_spp_yba.io.mgproc.forest) [3] (sim1/sdp_lpp_nba.io.mgproc.forest)
[4]
Overfull \vbox (16.63245pt too high) has occurred while \output is active []


[5] (sim1/sdp_lpp_yba.io.mgproc.forest) (sim1/vdp_lpp_nba.io.mgproc.forest)
[6]
Overfull \vbox (16.63245pt too high) has occurred while \output is active []


[7] (sim1/vdp_lpp_yba.io.mgproc.forest) (sim1/rdp_lpp_nba.io.mgproc.forest)
[8]
Overfull \vbox (16.63245pt too high) has occurred while \output is active []


[9] (sim1/rdp_lpp_yba.io.mgproc.forest) [10] (drawing_trees.aux) ) 
Here is how much of TeX's memory you used:
 51198 strings out of 492913
 1107113 string characters out of 3136503
 1177053 words of memory out of 3000000
 54578 multiletter control sequences out of 15000+200000
 541431 words of font info for 45 fonts, out of 3000000 for 9000
 1141 hyphenation exceptions out of 8191
 325i,9n,293p,1645b,6492s stack positions out of 5000i,500n,10000p,200000b,50000s
{C:/Users/Tai
/AppData/Roaming/MiKTeX/2.9/fonts/enc/dvips/base/8r.enc}<C:/Users/Tai/AppData/R
oaming/MiKTeX/2.9/fonts/type1/bitstrea/charter/bchr8a.pfb>
Output written on drawing_trees.pdf (10 pages, 76589 bytes).
PDF statistics:
 43 PDF objects out of 1000 (max. 8388607)
 0 named destinations out of 1000 (max. 500000)
 13 words of extra memory for PDF output out of 10000 (max. 10000000)

